{"C:\\Users\\Joyt\\Desktop\\totdos\\babel.config.ts": {"path":"C:\\Users\\Joyt\\Desktop\\totdos\\babel.config.ts","statementMap":{"0":{"start":{"line":1,"column":0},"end":{"line":8,"column":2}}},"fnMap":{},"branchMap":{},"s":{"0":0},"f":{},"b":{}}
,"C:\\Users\\Joyt\\Desktop\\totdos\\jest.config.ts": {"path":"C:\\Users\\Joyt\\Desktop\\totdos\\jest.config.ts","statementMap":{"0":{"start":{"line":1,"column":15},"end":{"line":17,"column":2}},"1":{"start":{"line":19,"column":0},"end":{"line":19,"column":22}}},"fnMap":{},"branchMap":{},"s":{"0":0,"1":0},"f":{},"b":{}}
,"C:\\Users\\Joyt\\Desktop\\totdos\\vite.config.ts": {"path":"C:\\Users\\Joyt\\Desktop\\totdos\\vite.config.ts","statementMap":{"0":{"start":{"line":1,"column":0},"end":{"line":1,"column":36}},"1":{"start":{"line":2,"column":0},"end":{"line":2,"column":41}},"2":{"start":{"line":5,"column":0},"end":{"line":7,"column":3}}},"fnMap":{},"branchMap":{},"s":{"0":0,"1":0,"2":0},"f":{},"b":{}}
,"C:\\Users\\Joyt\\Desktop\\totdos\\src\\App.tsx": {"path":"C:\\Users\\Joyt\\Desktop\\totdos\\src\\App.tsx","statementMap":{"0":{"start":{"line":13,"column":0},"end":{"line":13,"column":24}},"1":{"start":{"line":1,"column":0},"end":{"line":1,"column":48}},"2":{"start":{"line":2,"column":0},"end":{"line":2,"column":50}},"3":{"start":{"line":3,"column":0},"end":{"line":3,"column":36}},"4":{"start":{"line":4,"column":0},"end":{"line":4,"column":40}},"5":{"start":{"line":5,"column":0},"end":{"line":5,"column":56}},"6":{"start":{"line":6,"column":0},"end":{"line":6,"column":47}},"7":{"start":{"line":7,"column":0},"end":{"line":7,"column":44}},"8":{"start":{"line":8,"column":0},"end":{"line":8,"column":39}},"9":{"start":{"line":9,"column":0},"end":{"line":9,"column":47}},"10":{"start":{"line":10,"column":0},"end":{"line":10,"column":41}},"11":{"start":{"line":11,"column":0},"end":{"line":11,"column":46}},"12":{"start":{"line":14,"column":28},"end":{"line":14,"column":55}},"13":{"start":{"line":15,"column":30},"end":{"line":15,"column":55}},"14":{"start":{"line":16,"column":2},"end":{"line":16,"column":32}},"15":{"start":{"line":18,"column":2},"end":{"line":40,"column":4}}},"fnMap":{"0":{"name":"App","decl":{"start":{"line":13,"column":24},"end":{"line":13,"column":27}},"loc":{"start":{"line":13,"column":27},"end":{"line":41,"column":1}}}},"branchMap":{},"s":{"0":1,"1":1,"2":1,"3":1,"4":1,"5":1,"6":1,"7":1,"8":1,"9":1,"10":1,"11":1,"12":4,"13":4,"14":4,"15":4},"f":{"0":4},"b":{}}
,"C:\\Users\\Joyt\\Desktop\\totdos\\src\\main.tsx": {"path":"C:\\Users\\Joyt\\Desktop\\totdos\\src\\main.tsx","statementMap":{"0":{"start":{"line":2,"column":0},"end":{"line":2,"column":45}},"1":{"start":{"line":3,"column":0},"end":{"line":3,"column":47}},"2":{"start":{"line":5,"column":0},"end":{"line":5,"column":28}},"3":{"start":{"line":6,"column":0},"end":{"line":6,"column":24}},"4":{"start":{"line":8,"column":0},"end":{"line":14,"column":2}}},"fnMap":{},"branchMap":{},"s":{"0":0,"1":0,"2":0,"3":0,"4":0},"f":{},"b":{}}
,"C:\\Users\\Joyt\\Desktop\\totdos\\src\\theme.tsx": {"path":"C:\\Users\\Joyt\\Desktop\\totdos\\src\\theme.tsx","statementMap":{"0":{"start":{"line":1,"column":0},"end":{"line":1,"column":51}},"1":{"start":{"line":2,"column":0},"end":{"line":2,"column":43}},"2":{"start":{"line":5,"column":14},"end":{"line":17,"column":2}},"3":{"start":{"line":19,"column":0},"end":{"line":19,"column":21}}},"fnMap":{},"branchMap":{},"s":{"0":0,"1":0,"2":0,"3":0},"f":{},"b":{}}
,"C:\\Users\\Joyt\\Desktop\\totdos\\src\\types.ts": {"path":"C:\\Users\\Joyt\\Desktop\\totdos\\src\\types.ts","statementMap":{"0":{"start":{"line":7,"column":0},"end":{"line":7,"column":null}},"1":{"start":{"line":8,"column":2},"end":{"line":8,"column":null}},"2":{"start":{"line":9,"column":2},"end":{"line":9,"column":null}},"3":{"start":{"line":10,"column":2},"end":{"line":10,"column":null}},"4":{"start":{"line":11,"column":2},"end":{"line":11,"column":null}},"5":{"start":{"line":12,"column":2},"end":{"line":12,"column":null}},"6":{"start":{"line":13,"column":2},"end":{"line":13,"column":null}},"7":{"start":{"line":14,"column":2},"end":{"line":14,"column":null}},"8":{"start":{"line":17,"column":0},"end":{"line":17,"column":null}},"9":{"start":{"line":18,"column":2},"end":{"line":18,"column":null}},"10":{"start":{"line":19,"column":2},"end":{"line":19,"column":null}},"11":{"start":{"line":20,"column":2},"end":{"line":20,"column":null}}},"fnMap":{"0":{"name":"(anonymous_0)","decl":{"start":{"line":7,"column":0},"end":{"line":7,"column":12}},"loc":{"start":{"line":7,"column":22},"end":{"line":15,"column":1}}},"1":{"name":"(anonymous_1)","decl":{"start":{"line":17,"column":0},"end":{"line":17,"column":12}},"loc":{"start":{"line":17,"column":23},"end":{"line":21,"column":1}}}},"branchMap":{"0":{"loc":{"start":{"line":7,"column":12},"end":{"line":7,"column":null}},"type":"binary-expr","locations":[{"start":{"line":7,"column":12},"end":{"line":7,"column":22}},{"start":{"line":7,"column":22},"end":{"line":7,"column":null}}]},"1":{"loc":{"start":{"line":17,"column":12},"end":{"line":17,"column":null}},"type":"binary-expr","locations":[{"start":{"line":17,"column":12},"end":{"line":17,"column":23}},{"start":{"line":17,"column":23},"end":{"line":17,"column":null}}]}},"s":{"0":6,"1":6,"2":6,"3":6,"4":6,"5":6,"6":6,"7":6,"8":6,"9":6,"10":6,"11":6},"f":{"0":6,"1":6},"b":{"0":[6,6],"1":[6,6]}}
,"C:\\Users\\Joyt\\Desktop\\totdos\\src\\vite-env.d.ts": {"path":"C:\\Users\\Joyt\\Desktop\\totdos\\src\\vite-env.d.ts","statementMap":{},"fnMap":{},"branchMap":{},"s":{},"f":{},"b":{}}
,"C:\\Users\\Joyt\\Desktop\\totdos\\src\\components\\ClearCompleteButton.tsx": {"path":"C:\\Users\\Joyt\\Desktop\\totdos\\src\\components\\ClearCompleteButton.tsx","statementMap":{"0":{"start":{"line":1,"column":0},"end":{"line":1,"column":35}},"1":{"start":{"line":2,"column":0},"end":{"line":2,"column":48}},"2":{"start":{"line":3,"column":0},"end":{"line":3,"column":42}},"3":{"start":{"line":4,"column":0},"end":{"line":4,"column":38}},"4":{"start":{"line":6,"column":28},"end":{"line":17,"column":1}},"5":{"start":{"line":7,"column":23},"end":{"line":7,"column":47}},"6":{"start":{"line":9,"column":2},"end":{"line":16,"column":4}},"7":{"start":{"line":13,"column":21},"end":{"line":13,"column":108}},"8":{"start":{"line":19,"column":0},"end":{"line":19,"column":35}}},"fnMap":{"0":{"name":"(anonymous_0)","decl":{"start":{"line":6,"column":28},"end":{"line":6,"column":31}},"loc":{"start":{"line":6,"column":33},"end":{"line":17,"column":1}}},"1":{"name":"(anonymous_1)","decl":{"start":{"line":13,"column":15},"end":{"line":13,"column":18}},"loc":{"start":{"line":13,"column":21},"end":{"line":13,"column":108}}}},"branchMap":{},"s":{"0":1,"1":1,"2":1,"3":1,"4":1,"5":4,"6":4,"7":0,"8":1},"f":{"0":4,"1":0},"b":{}}
,"C:\\Users\\Joyt\\Desktop\\totdos\\src\\components\\CustomButton.tsx": {"path":"C:\\Users\\Joyt\\Desktop\\totdos\\src\\components\\CustomButton.tsx","statementMap":{"0":{"start":{"line":1,"column":0},"end":{"line":1,"column":39}},"1":{"start":{"line":10,"column":21},"end":{"line":31,"column":1}},"2":{"start":{"line":11,"column":47},"end":{"line":11,"column":52}},"3":{"start":{"line":12,"column":2},"end":{"line":30,"column":4}},"4":{"start":{"line":33,"column":0},"end":{"line":33,"column":28}}},"fnMap":{"0":{"name":"(anonymous_0)","decl":{"start":{"line":10,"column":21},"end":{"line":10,"column":22}},"loc":{"start":{"line":10,"column":50},"end":{"line":31,"column":1}}}},"branchMap":{"0":{"loc":{"start":{"line":23,"column":16},"end":{"line":23,"column":55}},"type":"cond-expr","locations":[{"start":{"line":23,"column":27},"end":{"line":23,"column":46}},{"start":{"line":23,"column":49},"end":{"line":23,"column":55}}]}},"s":{"0":2,"1":2,"2":22,"3":22,"4":2},"f":{"0":22},"b":{"0":[6,16]}}
,"C:\\Users\\Joyt\\Desktop\\totdos\\src\\components\\Field.tsx": {"path":"C:\\Users\\Joyt\\Desktop\\totdos\\src\\components\\Field.tsx","statementMap":{"0":{"start":{"line":1,"column":0},"end":{"line":1,"column":45}},"1":{"start":{"line":2,"column":0},"end":{"line":2,"column":53}},"2":{"start":{"line":3,"column":0},"end":{"line":3,"column":48}},"3":{"start":{"line":4,"column":0},"end":{"line":4,"column":38}},"4":{"start":{"line":6,"column":14},"end":{"line":30,"column":1}},"5":{"start":{"line":7,"column":23},"end":{"line":7,"column":47}},"6":{"start":{"line":8,"column":36},"end":{"line":8,"column":48}},"7":{"start":{"line":10,"column":2},"end":{"line":29,"column":4}},"8":{"start":{"line":18,"column":23},"end":{"line":18,"column":51}},"9":{"start":{"line":20,"column":8},"end":{"line":26,"column":9}},"10":{"start":{"line":21,"column":10},"end":{"line":24,"column":13}},"11":{"start":{"line":25,"column":10},"end":{"line":25,"column":27}},"12":{"start":{"line":32,"column":0},"end":{"line":32,"column":21}}},"fnMap":{"0":{"name":"(anonymous_0)","decl":{"start":{"line":6,"column":14},"end":{"line":6,"column":17}},"loc":{"start":{"line":6,"column":19},"end":{"line":30,"column":1}}},"1":{"name":"(anonymous_1)","decl":{"start":{"line":18,"column":16},"end":{"line":18,"column":17}},"loc":{"start":{"line":18,"column":23},"end":{"line":18,"column":51}}},"2":{"name":"(anonymous_2)","decl":{"start":{"line":19,"column":24},"end":{"line":19,"column":25}},"loc":{"start":{"line":19,"column":30},"end":{"line":27,"column":7}}}},"branchMap":{"0":{"loc":{"start":{"line":20,"column":8},"end":{"line":26,"column":9}},"type":"if","locations":[{"start":{"line":20,"column":8},"end":{"line":26,"column":9}}]},"1":{"loc":{"start":{"line":20,"column":12},"end":{"line":20,"column":42}},"type":"binary-expr","locations":[{"start":{"line":20,"column":12},"end":{"line":20,"column":29}},{"start":{"line":20,"column":33},"end":{"line":20,"column":42}}]}},"s":{"0":2,"1":2,"2":2,"3":2,"4":2,"5":7,"6":7,"7":7,"8":1,"9":0,"10":0,"11":0,"12":2},"f":{"0":7,"1":1,"2":0},"b":{"0":[0],"1":[0,0]}}
,"C:\\Users\\Joyt\\Desktop\\totdos\\src\\components\\Filter.tsx": {"path":"C:\\Users\\Joyt\\Desktop\\totdos\\src\\components\\Filter.tsx","statementMap":{"0":{"start":{"line":1,"column":0},"end":{"line":1,"column":46}},"1":{"start":{"line":2,"column":0},"end":{"line":2,"column":48}},"2":{"start":{"line":3,"column":0},"end":{"line":3,"column":35}},"3":{"start":{"line":5,"column":0},"end":{"line":5,"column":39}},"4":{"start":{"line":6,"column":0},"end":{"line":6,"column":42}},"5":{"start":{"line":8,"column":15},"end":{"line":37,"column":1}},"6":{"start":{"line":9,"column":32},"end":{"line":9,"column":56}},"7":{"start":{"line":11,"column":23},"end":{"line":13,"column":3}},"8":{"start":{"line":12,"column":4},"end":{"line":12,"column":21}},"9":{"start":{"line":15,"column":2},"end":{"line":36,"column":4}},"10":{"start":{"line":20,"column":23},"end":{"line":20,"column":52}},"11":{"start":{"line":26,"column":23},"end":{"line":26,"column":55}},"12":{"start":{"line":32,"column":23},"end":{"line":32,"column":58}},"13":{"start":{"line":39,"column":0},"end":{"line":39,"column":22}}},"fnMap":{"0":{"name":"(anonymous_0)","decl":{"start":{"line":8,"column":15},"end":{"line":8,"column":18}},"loc":{"start":{"line":8,"column":20},"end":{"line":37,"column":1}}},"1":{"name":"(anonymous_1)","decl":{"start":{"line":11,"column":23},"end":{"line":11,"column":24}},"loc":{"start":{"line":11,"column":46},"end":{"line":13,"column":3}}},"2":{"name":"(anonymous_2)","decl":{"start":{"line":20,"column":17},"end":{"line":20,"column":20}},"loc":{"start":{"line":20,"column":23},"end":{"line":20,"column":52}}},"3":{"name":"(anonymous_3)","decl":{"start":{"line":26,"column":17},"end":{"line":26,"column":20}},"loc":{"start":{"line":26,"column":23},"end":{"line":26,"column":55}}},"4":{"name":"(anonymous_4)","decl":{"start":{"line":32,"column":17},"end":{"line":32,"column":20}},"loc":{"start":{"line":32,"column":23},"end":{"line":32,"column":58}}}},"branchMap":{},"s":{"0":2,"1":2,"2":2,"3":2,"4":2,"5":2,"6":6,"7":6,"8":1,"9":6,"10":0,"11":1,"12":0,"13":2},"f":{"0":6,"1":1,"2":0,"3":1,"4":0},"b":{}}
,"C:\\Users\\Joyt\\Desktop\\totdos\\src\\components\\Footer.tsx": {"path":"C:\\Users\\Joyt\\Desktop\\totdos\\src\\components\\Footer.tsx","statementMap":{"0":{"start":{"line":1,"column":0},"end":{"line":1,"column":50}},"1":{"start":{"line":2,"column":0},"end":{"line":2,"column":46}},"2":{"start":{"line":3,"column":0},"end":{"line":3,"column":30}},"3":{"start":{"line":4,"column":0},"end":{"line":4,"column":56}},"4":{"start":{"line":6,"column":15},"end":{"line":21,"column":1}},"5":{"start":{"line":7,"column":2},"end":{"line":20,"column":4}},"6":{"start":{"line":23,"column":0},"end":{"line":23,"column":22}}},"fnMap":{"0":{"name":"(anonymous_0)","decl":{"start":{"line":6,"column":15},"end":{"line":6,"column":18}},"loc":{"start":{"line":6,"column":20},"end":{"line":21,"column":1}}}},"branchMap":{},"s":{"0":1,"1":1,"2":1,"3":1,"4":1,"5":4,"6":1},"f":{"0":4},"b":{}}
,"C:\\Users\\Joyt\\Desktop\\totdos\\src\\components\\NotDoneCounter.tsx": {"path":"C:\\Users\\Joyt\\Desktop\\totdos\\src\\components\\NotDoneCounter.tsx","statementMap":{"0":{"start":{"line":1,"column":0},"end":{"line":1,"column":43}},"1":{"start":{"line":3,"column":0},"end":{"line":3,"column":35}},"2":{"start":{"line":4,"column":0},"end":{"line":4,"column":48}},"3":{"start":{"line":6,"column":23},"end":{"line":15,"column":1}},"4":{"start":{"line":7,"column":20},"end":{"line":7,"column":44}},"5":{"start":{"line":8,"column":16},"end":{"line":8,"column":66}},"6":{"start":{"line":8,"column":45},"end":{"line":8,"column":58}},"7":{"start":{"line":10,"column":2},"end":{"line":14,"column":4}},"8":{"start":{"line":17,"column":0},"end":{"line":17,"column":30}}},"fnMap":{"0":{"name":"(anonymous_0)","decl":{"start":{"line":6,"column":23},"end":{"line":6,"column":26}},"loc":{"start":{"line":6,"column":28},"end":{"line":15,"column":1}}},"1":{"name":"(anonymous_1)","decl":{"start":{"line":8,"column":29},"end":{"line":8,"column":30}},"loc":{"start":{"line":8,"column":45},"end":{"line":8,"column":58}}}},"branchMap":{},"s":{"0":1,"1":1,"2":1,"3":1,"4":4,"5":4,"6":0,"7":4,"8":1},"f":{"0":4,"1":0},"b":{}}
,"C:\\Users\\Joyt\\Desktop\\totdos\\src\\components\\TaskRow.tsx": {"path":"C:\\Users\\Joyt\\Desktop\\totdos\\src\\components\\TaskRow.tsx","statementMap":{"0":{"start":{"line":1,"column":0},"end":{"line":1,"column":60}},"1":{"start":{"line":2,"column":0},"end":{"line":2,"column":44}},"2":{"start":{"line":3,"column":0},"end":{"line":3,"column":48}},"3":{"start":{"line":4,"column":0},"end":{"line":4,"column":35}},"4":{"start":{"line":5,"column":0},"end":{"line":5,"column":80}},"5":{"start":{"line":6,"column":0},"end":{"line":6,"column":76}},"6":{"start":{"line":12,"column":16},"end":{"line":51,"column":1}},"7":{"start":{"line":13,"column":23},"end":{"line":13,"column":47}},"8":{"start":{"line":15,"column":23},"end":{"line":20,"column":3}},"9":{"start":{"line":16,"column":4},"end":{"line":19,"column":7}},"10":{"start":{"line":22,"column":2},"end":{"line":50,"column":4}},"11":{"start":{"line":37,"column":24},"end":{"line":37,"column":38}},"12":{"start":{"line":53,"column":0},"end":{"line":53,"column":23}}},"fnMap":{"0":{"name":"(anonymous_0)","decl":{"start":{"line":12,"column":16},"end":{"line":12,"column":17}},"loc":{"start":{"line":12,"column":40},"end":{"line":51,"column":1}}},"1":{"name":"(anonymous_1)","decl":{"start":{"line":15,"column":23},"end":{"line":15,"column":26}},"loc":{"start":{"line":15,"column":28},"end":{"line":20,"column":3}}},"2":{"name":"(anonymous_2)","decl":{"start":{"line":37,"column":18},"end":{"line":37,"column":21}},"loc":{"start":{"line":37,"column":24},"end":{"line":37,"column":38}}}},"branchMap":{"0":{"loc":{"start":{"line":42,"column":26},"end":{"line":42,"column":64}},"type":"cond-expr","locations":[{"start":{"line":42,"column":41},"end":{"line":42,"column":55}},{"start":{"line":42,"column":58},"end":{"line":42,"column":64}}]},"1":{"loc":{"start":{"line":43,"column":17},"end":{"line":43,"column":53}},"type":"cond-expr","locations":[{"start":{"line":43,"column":32},"end":{"line":43,"column":41}},{"start":{"line":43,"column":44},"end":{"line":43,"column":53}}]}},"s":{"0":2,"1":2,"2":2,"3":2,"4":2,"5":2,"6":2,"7":12,"8":12,"9":0,"10":12,"11":0,"12":2},"f":{"0":12,"1":0,"2":0},"b":{"0":[4,8],"1":[4,8]}}
,"C:\\Users\\Joyt\\Desktop\\totdos\\src\\components\\TasksList.tsx": {"path":"C:\\Users\\Joyt\\Desktop\\totdos\\src\\components\\TasksList.tsx","statementMap":{"0":{"start":{"line":1,"column":0},"end":{"line":1,"column":38}},"1":{"start":{"line":2,"column":0},"end":{"line":2,"column":32}},"2":{"start":{"line":4,"column":0},"end":{"line":4,"column":48}},"3":{"start":{"line":5,"column":0},"end":{"line":5,"column":35}},"4":{"start":{"line":6,"column":0},"end":{"line":6,"column":61}},"5":{"start":{"line":8,"column":18},"end":{"line":20,"column":1}},"6":{"start":{"line":9,"column":28},"end":{"line":9,"column":52}},"7":{"start":{"line":11,"column":24},"end":{"line":11,"column":57}},"8":{"start":{"line":13,"column":2},"end":{"line":19,"column":4}},"9":{"start":{"line":16,"column":8},"end":{"line":16,"column":31}},"10":{"start":{"line":22,"column":0},"end":{"line":22,"column":25}}},"fnMap":{"0":{"name":"(anonymous_0)","decl":{"start":{"line":8,"column":18},"end":{"line":8,"column":21}},"loc":{"start":{"line":8,"column":23},"end":{"line":20,"column":1}}},"1":{"name":"(anonymous_1)","decl":{"start":{"line":15,"column":25},"end":{"line":15,"column":26}},"loc":{"start":{"line":16,"column":8},"end":{"line":16,"column":31}}}},"branchMap":{},"s":{"0":2,"1":2,"2":2,"3":2,"4":2,"5":2,"6":8,"7":8,"8":8,"9":12,"10":2},"f":{"0":8,"1":12},"b":{}}
,"C:\\Users\\Joyt\\Desktop\\totdos\\src\\context\\todos.tsx": {"path":"C:\\Users\\Joyt\\Desktop\\totdos\\src\\context\\todos.tsx","statementMap":{"0":{"start":{"line":1,"column":0},"end":{"line":1,"column":38}},"1":{"start":{"line":2,"column":0},"end":{"line":2,"column":57}},"2":{"start":{"line":12,"column":13},"end":{"line":17,"column":3}}},"fnMap":{"0":{"name":"(anonymous_0)","decl":{"start":{"line":14,"column":12},"end":{"line":14,"column":15}},"loc":{"start":{"line":14,"column":17},"end":{"line":14,"column":20}}},"1":{"name":"(anonymous_1)","decl":{"start":{"line":16,"column":13},"end":{"line":16,"column":16}},"loc":{"start":{"line":16,"column":18},"end":{"line":16,"column":21}}}},"branchMap":{},"s":{"0":4,"1":4,"2":4},"f":{"0":0,"1":0},"b":{}}
,"C:\\Users\\Joyt\\Desktop\\totdos\\src\\utils\\taskReducer.ts": {"path":"C:\\Users\\Joyt\\Desktop\\totdos\\src\\utils\\taskReducer.ts","statementMap":{"0":{"start":{"line":1,"column":0},"end":{"line":1,"column":44}},"1":{"start":{"line":8,"column":20},"end":{"line":29,"column":1}},"2":{"start":{"line":9,"column":28},"end":{"line":9,"column":34}},"3":{"start":{"line":10,"column":17},"end":{"line":10,"column":24}},"4":{"start":{"line":12,"column":2},"end":{"line":28,"column":3}},"5":{"start":{"line":14,"column":6},"end":{"line":14,"column":33}},"6":{"start":{"line":16,"column":6},"end":{"line":20,"column":8}},"7":{"start":{"line":18,"column":10},"end":{"line":18,"column":57}},"8":{"start":{"line":23,"column":6},"end":{"line":23,"column":57}},"9":{"start":{"line":23,"column":43},"end":{"line":23,"column":54}},"10":{"start":{"line":25,"column":6},"end":{"line":25,"column":56}},"11":{"start":{"line":25,"column":43},"end":{"line":25,"column":53}},"12":{"start":{"line":27,"column":6},"end":{"line":27,"column":19}},"13":{"start":{"line":31,"column":0},"end":{"line":31,"column":27}}},"fnMap":{"0":{"name":"(anonymous_0)","decl":{"start":{"line":8,"column":20},"end":{"line":8,"column":21}},"loc":{"start":{"line":8,"column":54},"end":{"line":29,"column":1}}},"1":{"name":"(anonymous_1)","decl":{"start":{"line":17,"column":21},"end":{"line":17,"column":22}},"loc":{"start":{"line":18,"column":10},"end":{"line":18,"column":57}}},"2":{"name":"(anonymous_2)","decl":{"start":{"line":23,"column":30},"end":{"line":23,"column":31}},"loc":{"start":{"line":23,"column":43},"end":{"line":23,"column":54}}},"3":{"name":"(anonymous_3)","decl":{"start":{"line":25,"column":30},"end":{"line":25,"column":31}},"loc":{"start":{"line":25,"column":43},"end":{"line":25,"column":53}}}},"branchMap":{"0":{"loc":{"start":{"line":12,"column":2},"end":{"line":28,"column":3}},"type":"switch","locations":[{"start":{"line":13,"column":4},"end":{"line":14,"column":33}},{"start":{"line":15,"column":4},"end":{"line":20,"column":8}},{"start":{"line":22,"column":4},"end":{"line":23,"column":57}},{"start":{"line":24,"column":4},"end":{"line":25,"column":56}},{"start":{"line":26,"column":4},"end":{"line":27,"column":19}}]},"1":{"loc":{"start":{"line":18,"column":10},"end":{"line":18,"column":57}},"type":"cond-expr","locations":[{"start":{"line":18,"column":24},"end":{"line":18,"column":53}},{"start":{"line":18,"column":56},"end":{"line":18,"column":57}}]}},"s":{"0":2,"1":2,"2":3,"3":3,"4":3,"5":1,"6":1,"7":1,"8":1,"9":2,"10":0,"11":0,"12":0,"13":2},"f":{"0":3,"1":1,"2":2,"3":0},"b":{"0":[1,1,1,0,0],"1":[1,0]}}
,"C:\\Users\\Joyt\\Desktop\\totdos\\src\\utils\\tasksFilterReducer.ts": {"path":"C:\\Users\\Joyt\\Desktop\\totdos\\src\\utils\\tasksFilterReducer.ts","statementMap":{"0":{"start":{"line":1,"column":0},"end":{"line":1,"column":45}},"1":{"start":{"line":3,"column":27},"end":{"line":14,"column":1}},"2":{"start":{"line":4,"column":2},"end":{"line":13,"column":3}},"3":{"start":{"line":6,"column":6},"end":{"line":6,"column":19}},"4":{"start":{"line":8,"column":6},"end":{"line":8,"column":57}},"5":{"start":{"line":8,"column":42},"end":{"line":8,"column":55}},"6":{"start":{"line":10,"column":6},"end":{"line":10,"column":56}},"7":{"start":{"line":10,"column":42},"end":{"line":10,"column":54}},"8":{"start":{"line":12,"column":6},"end":{"line":12,"column":19}},"9":{"start":{"line":16,"column":0},"end":{"line":16,"column":34}}},"fnMap":{"0":{"name":"(anonymous_0)","decl":{"start":{"line":3,"column":27},"end":{"line":3,"column":28}},"loc":{"start":{"line":3,"column":66},"end":{"line":14,"column":1}}},"1":{"name":"(anonymous_1)","decl":{"start":{"line":8,"column":26},"end":{"line":8,"column":27}},"loc":{"start":{"line":8,"column":42},"end":{"line":8,"column":55}}},"2":{"name":"(anonymous_2)","decl":{"start":{"line":10,"column":26},"end":{"line":10,"column":27}},"loc":{"start":{"line":10,"column":42},"end":{"line":10,"column":54}}}},"branchMap":{"0":{"loc":{"start":{"line":4,"column":2},"end":{"line":13,"column":3}},"type":"switch","locations":[{"start":{"line":5,"column":4},"end":{"line":6,"column":19}},{"start":{"line":7,"column":4},"end":{"line":8,"column":57}},{"start":{"line":9,"column":4},"end":{"line":10,"column":56}},{"start":{"line":11,"column":4},"end":{"line":12,"column":19}}]}},"s":{"0":3,"1":3,"2":11,"3":9,"4":1,"5":3,"6":1,"7":3,"8":0,"9":3},"f":{"0":11,"1":3,"2":3},"b":{"0":[9,1,1,0]}}
}
