TN:
SF:babel.config.ts
FNF:0
FNH:0
DA:1,0
LF:1
LH:0
BRF:0
BRH:0
end_of_record
TN:
SF:jest.config.ts
FNF:0
FNH:0
DA:1,0
DA:19,0
LF:2
LH:0
BRF:0
BRH:0
end_of_record
TN:
SF:vite.config.ts
FNF:0
FNH:0
DA:1,0
DA:2,0
DA:5,0
LF:3
LH:0
BRF:0
BRH:0
end_of_record
TN:
SF:src\App.tsx
FN:13,App
FNF:1
FNH:1
FNDA:4,App
DA:1,1
DA:2,1
DA:3,1
DA:4,1
DA:5,1
DA:6,1
DA:7,1
DA:8,1
DA:9,1
DA:10,1
DA:13,1
DA:14,4
DA:15,4
DA:16,4
DA:18,4
LF:15
LH:15
BRF:0
BRH:0
end_of_record
TN:
SF:src\main.tsx
FNF:0
FNH:0
DA:1,0
DA:2,0
DA:3,0
DA:5,0
DA:6,0
DA:8,0
LF:6
LH:0
BRF:0
BRH:0
end_of_record
TN:
SF:src\theme.tsx
FNF:0
FNH:0
DA:1,0
DA:2,0
DA:5,0
DA:19,0
LF:4
LH:0
BRF:0
BRH:0
end_of_record
TN:
SF:src\types.ts
FN:7,(anonymous_0)
FN:14,(anonymous_1)
FNF:2
FNH:2
FNDA:6,(anonymous_0)
FNDA:6,(anonymous_1)
DA:7,6
DA:8,6
DA:9,6
DA:10,6
DA:11,6
DA:14,6
DA:15,6
DA:16,6
DA:17,6
LF:9
LH:9
BRDA:7,0,0,6
BRDA:7,0,1,6
BRDA:14,1,0,6
BRDA:14,1,1,6
BRF:4
BRH:4
end_of_record
TN:
SF:src\vite-env.d.ts
FNF:0
FNH:0
LF:0
LH:0
BRF:0
BRH:0
end_of_record
TN:
SF:src\components\ClearCompleteButton.tsx
FN:5,(anonymous_0)
FN:12,(anonymous_1)
FN:12,(anonymous_2)
FNF:3
FNH:1
FNDA:4,(anonymous_0)
FNDA:0,(anonymous_1)
FNDA:0,(anonymous_2)
DA:1,1
DA:2,1
DA:3,1
DA:5,1
DA:6,4
DA:8,4
DA:12,0
DA:18,1
LF:8
LH:7
BRF:0
BRH:0
end_of_record
TN:
SF:src\components\CustomButton.tsx
FN:10,(anonymous_0)
FNF:1
FNH:1
FNDA:22,(anonymous_0)
DA:1,2
DA:10,2
DA:11,22
DA:12,22
DA:33,2
LF:5
LH:5
BRDA:23,0,0,6
BRDA:23,0,1,16
BRF:2
BRH:2
end_of_record
TN:
SF:src\components\Field.tsx
FN:6,(anonymous_0)
FN:18,(anonymous_1)
FN:19,(anonymous_2)
FNF:3
FNH:2
FNDA:7,(anonymous_0)
FNDA:1,(anonymous_1)
FNDA:0,(anonymous_2)
DA:1,2
DA:3,2
DA:4,2
DA:6,2
DA:7,7
DA:8,7
DA:10,7
DA:18,1
DA:20,0
DA:21,0
DA:25,0
DA:32,2
LF:12
LH:9
BRDA:20,0,0,0
BRDA:20,1,0,0
BRDA:20,1,1,0
BRF:3
BRH:0
end_of_record
TN:
SF:src\components\Filter.tsx
FN:8,(anonymous_0)
FN:11,(anonymous_1)
FN:20,(anonymous_2)
FN:26,(anonymous_3)
FN:32,(anonymous_4)
FNF:5
FNH:3
FNDA:6,(anonymous_0)
FNDA:1,(anonymous_1)
FNDA:0,(anonymous_2)
FNDA:1,(anonymous_3)
FNDA:0,(anonymous_4)
DA:1,2
DA:2,2
DA:3,2
DA:5,2
DA:6,2
DA:8,2
DA:9,6
DA:11,6
DA:12,1
DA:15,6
DA:20,0
DA:26,1
DA:32,0
DA:39,2
LF:14
LH:12
BRF:0
BRH:0
end_of_record
TN:
SF:src\components\Footer.tsx
FN:6,(anonymous_0)
FNF:1
FNH:1
FNDA:4,(anonymous_0)
DA:1,1
DA:2,1
DA:3,1
DA:4,1
DA:6,1
DA:7,4
DA:23,1
LF:7
LH:7
BRF:0
BRH:0
end_of_record
TN:
SF:src\components\NotDoneCounter.tsx
FN:6,(anonymous_0)
FN:8,(anonymous_1)
FNF:2
FNH:1
FNDA:4,(anonymous_0)
FNDA:0,(anonymous_1)
DA:1,1
DA:3,1
DA:4,1
DA:6,1
DA:7,4
DA:8,4
DA:10,4
DA:17,1
LF:8
LH:8
BRF:0
BRH:0
end_of_record
TN:
SF:src\components\TaskRow.tsx
FN:13,(anonymous_0)
FN:16,(anonymous_1)
FN:20,(anonymous_2)
FN:40,(anonymous_3)
FNF:4
FNH:2
FNDA:12,(anonymous_0)
FNDA:12,(anonymous_1)
FNDA:0,(anonymous_2)
FNDA:0,(anonymous_3)
DA:1,2
DA:2,2
DA:3,2
DA:4,2
DA:5,2
DA:6,2
DA:7,2
DA:13,2
DA:14,12
DA:15,12
DA:16,12
DA:17,12
DA:20,12
DA:21,0
DA:22,0
DA:25,12
DA:40,0
DA:56,2
LF:18
LH:15
BRDA:45,0,0,4
BRDA:45,0,1,8
BRDA:46,1,0,4
BRDA:46,1,1,8
BRF:4
BRH:4
end_of_record
TN:
SF:src\components\TasksList.tsx
FN:8,(anonymous_0)
FN:15,(anonymous_1)
FNF:2
FNH:2
FNDA:8,(anonymous_0)
FNDA:12,(anonymous_1)
DA:1,2
DA:2,2
DA:4,2
DA:5,2
DA:6,2
DA:8,2
DA:9,8
DA:11,8
DA:13,8
DA:16,12
DA:22,2
LF:11
LH:11
BRF:0
BRH:0
end_of_record
TN:
SF:src\context\todos.tsx
FN:13,(anonymous_0)
FN:15,(anonymous_1)
FNF:2
FNH:0
FNDA:0,(anonymous_0)
FNDA:0,(anonymous_1)
DA:1,4
DA:2,4
DA:11,4
LF:3
LH:3
BRF:0
BRH:0
end_of_record
TN:
SF:src\utils\doFilter.ts
FN:3,(anonymous_0)
FN:8,(anonymous_1)
FN:10,(anonymous_2)
FNF:3
FNH:3
FNDA:11,(anonymous_0)
FNDA:3,(anonymous_1)
FNDA:3,(anonymous_2)
DA:1,3
DA:3,3
DA:4,11
DA:6,9
DA:8,3
DA:10,3
DA:12,0
DA:16,3
LF:8
LH:7
BRDA:4,0,0,9
BRDA:4,0,1,1
BRDA:4,0,2,1
BRDA:4,0,3,0
BRF:4
BRH:3
end_of_record
TN:
SF:src\utils\taskReducer.ts
FN:15,(anonymous_0)
FN:22,(anonymous_1)
FN:26,(anonymous_2)
FNF:3
FNH:3
FNDA:3,(anonymous_0)
FNDA:1,(anonymous_1)
FNDA:2,(anonymous_2)
DA:1,3
DA:8,3
DA:15,3
DA:16,3
DA:17,3
DA:19,1
DA:20,1
DA:22,1
DA:23,1
DA:26,2
DA:28,0
DA:32,3
LF:12
LH:11
BRDA:17,0,0,1
BRDA:17,0,1,1
BRDA:17,0,2,1
BRDA:17,0,3,0
BRDA:23,1,0,1
BRDA:23,1,1,0
BRF:6
BRH:4
end_of_record
